<hazelcast xsi:schemaLocation="https://www.hazelcast.com/schema/config hazelcast-config-3.5.xsd"
		xmlns="https://www.hazelcast.com/schema/config"
		xmlns:xsi="https://www.w3.org/2001/XMLSchema-instance">

	<map name="books"/>
	<map name="players"/>

</hazelcast>
